2025-10-09 09:55:56 [ERROR] config\CSC\config.toml (溝固冷꼇돕寧땍돨匡숭。)
2025-10-09 09:55:57 [INFO] CSC is loading...   Success！
2025-10-09 09:55:57 [INFO]   Detected cloud rule update, preparing to download~
2025-10-09 09:55:57 [INFO]   Update completed~
2025-10-09 09:56:18 [INFO]    _____  _____  _____ 
2025-10-09 09:56:18 [INFO]   / ____|/ ____|/ ____|
2025-10-09 09:56:18 [INFO]  | |    | (___ | |        [CSC] Version: v0.21
2025-10-09 09:56:18 [INFO]  | |     \___ \| |        Minecraft Version: 1.20.1 forge
2025-10-09 09:56:18 [INFO]  | |____ ____) | |____    Problem/Feedback: Tencent QQ：1061133894
2025-10-09 09:56:18 [INFO]   \_____|_____/ \_____|
2025-10-09 09:56:18 [INFO]                        
2025-10-09 10:12:13 [INFO] CSC close completely, thanks for using!
2025-10-09 10:16:13 [INFO] CSC is loading...   Success！
2025-10-09 10:17:13 [INFO]    _____  _____  _____ 
2025-10-09 10:17:13 [INFO]   / ____|/ ____|/ ____|
2025-10-09 10:17:13 [INFO]  | |    | (___ | |        [CSC] Version: v0.21
2025-10-09 10:17:13 [INFO]  | |     \___ \| |        Minecraft Version: 1.20.1 forge
2025-10-09 10:17:13 [INFO]  | |____ ____) | |____    Problem/Feedback: Tencent QQ：1061133894
2025-10-09 10:17:13 [INFO]   \_____|_____/ \_____|
2025-10-09 10:17:13 [INFO]                        
2025-10-09 10:18:23 [INFO] CSC close completely, thanks for using!
2025-10-09 10:32:03 [INFO] CSC is loading...   Success！
2025-10-09 10:32:20 [INFO]    _____  _____  _____ 
2025-10-09 10:32:20 [INFO]   / ____|/ ____|/ ____|
2025-10-09 10:32:20 [INFO]  | |    | (___ | |        [CSC] Version: v0.21
2025-10-09 10:32:20 [INFO]  | |     \___ \| |        Minecraft Version: 1.20.1 forge
2025-10-09 10:32:20 [INFO]  | |____ ____) | |____    Problem/Feedback: Tencent QQ：1061133894
2025-10-09 10:32:20 [INFO]   \_____|_____/ \_____|
2025-10-09 10:32:20 [INFO]                        
2025-10-09 10:37:39 [INFO] CSC close completely, thanks for using!
2025-10-09 10:39:25 [INFO] CSC is loading...   Success！
2025-10-09 10:42:14 [INFO]    _____  _____  _____ 
2025-10-09 10:42:14 [INFO]   / ____|/ ____|/ ____|
2025-10-09 10:42:14 [INFO]  | |    | (___ | |        [CSC] Version: v0.21
2025-10-09 10:42:14 [INFO]  | |     \___ \| |        Minecraft Version: 1.20.1 forge
2025-10-09 10:42:14 [INFO]  | |____ ____) | |____    Problem/Feedback: Tencent QQ：1061133894
2025-10-09 10:42:14 [INFO]   \_____|_____/ \_____|
2025-10-09 10:42:14 [INFO]                        
2025-10-09 10:43:49 [INFO] CSC close completely, thanks for using!
2025-10-09 10:46:15 [INFO] CSC is loading...   Success！
2025-10-09 10:46:32 [INFO]    _____  _____  _____ 
2025-10-09 10:46:32 [INFO]   / ____|/ ____|/ ____|
2025-10-09 10:46:32 [INFO]  | |    | (___ | |        [CSC] Version: v0.21
2025-10-09 10:46:32 [INFO]  | |     \___ \| |        Minecraft Version: 1.20.1 forge
2025-10-09 10:46:32 [INFO]  | |____ ____) | |____    Problem/Feedback: Tencent QQ：1061133894
2025-10-09 10:46:32 [INFO]   \_____|_____/ \_____|
2025-10-09 10:46:32 [INFO]                        
2025-10-09 10:52:35 [INFO] CSC close completely, thanks for using!
2025-10-09 10:52:48 [INFO]    _____  _____  _____ 
2025-10-09 10:52:48 [INFO]   / ____|/ ____|/ ____|
2025-10-09 10:52:48 [INFO]  | |    | (___ | |        [CSC] Version: v0.21
2025-10-09 10:52:48 [INFO]  | |     \___ \| |        Minecraft Version: 1.20.1 forge
2025-10-09 10:52:48 [INFO]  | |____ ____) | |____    Problem/Feedback: Tencent QQ：1061133894
2025-10-09 10:52:48 [INFO]   \_____|_____/ \_____|
2025-10-09 10:52:48 [INFO]                        
2025-10-09 10:59:08 [INFO] CSC close completely, thanks for using!
2025-10-09 10:59:55 [INFO] CSC is loading...   Success！
2025-10-09 11:00:14 [INFO]    _____  _____  _____ 
2025-10-09 11:00:14 [INFO]   / ____|/ ____|/ ____|
2025-10-09 11:00:14 [INFO]  | |    | (___ | |        [CSC] Version: v0.21
2025-10-09 11:00:14 [INFO]  | |     \___ \| |        Minecraft Version: 1.20.1 forge
2025-10-09 11:00:14 [INFO]  | |____ ____) | |____    Problem/Feedback: Tencent QQ：1061133894
2025-10-09 11:00:14 [INFO]   \_____|_____/ \_____|
2025-10-09 11:00:14 [INFO]                        
2025-10-09 11:01:03 [INFO] CSC close completely, thanks for using!
2025-10-09 11:05:46 [INFO] CSC is loading...   Success！
2025-10-09 11:06:03 [INFO]    _____  _____  _____ 
2025-10-09 11:06:03 [INFO]   / ____|/ ____|/ ____|
2025-10-09 11:06:03 [INFO]  | |    | (___ | |        [CSC] Version: v0.21
2025-10-09 11:06:03 [INFO]  | |     \___ \| |        Minecraft Version: 1.20.1 forge
2025-10-09 11:06:03 [INFO]  | |____ ____) | |____    Problem/Feedback: Tencent QQ：1061133894
2025-10-09 11:06:03 [INFO]   \_____|_____/ \_____|
2025-10-09 11:06:03 [INFO]                        
2025-10-09 11:17:06 [INFO] CSC close completely, thanks for using!
2025-10-09 11:23:59 [INFO] CSC is loading...   Success！
2025-10-09 11:24:17 [INFO]    _____  _____  _____ 
2025-10-09 11:24:17 [INFO]   / ____|/ ____|/ ____|
2025-10-09 11:24:17 [INFO]  | |    | (___ | |        [CSC] Version: v0.21
2025-10-09 11:24:17 [INFO]  | |     \___ \| |        Minecraft Version: 1.20.1 forge
2025-10-09 11:24:17 [INFO]  | |____ ____) | |____    Problem/Feedback: Tencent QQ：1061133894
2025-10-09 11:24:17 [INFO]   \_____|_____/ \_____|
2025-10-09 11:24:17 [INFO]                        
2025-10-09 11:31:10 [INFO] CSC close completely, thanks for using!
